[2026-05-30 19:32:31] [WATCHDOG] ==================================================
[2026-05-30 19:32:31] [WATCHDOG] 看门狗启动
[2026-05-30 19:32:31] [WATCHDOG] ==================================================
[2026-05-30 19:32:31] [WATCHDOG] ⚠️ 交易引擎未运行! 第1次重启
[2026-05-30 19:32:31] [WATCHDOG] 🚀 启动交易引擎...
[2026-05-30 19:32:31] [WATCHDOG] ✅ 交易引擎已启动 PID=43908
[2026-05-30 19:32:36] [WATCHDOG] ✅ 重启成功
[2026-05-30 19:34:05] [WATCHDOG] ==================================================
[2026-05-30 19:34:05] [WATCHDOG] 看门狗启动
[2026-05-30 19:34:05] [WATCHDOG] ==================================================
[2026-05-30 19:34:05] [WATCHDOG] ⚠️ 交易引擎未运行! 第1次重启
[2026-05-30 19:34:05] [WATCHDOG] 🚀 启动交易引擎...
[2026-05-30 19:34:05] [WATCHDOG] ✅ 交易引擎已启动 PID=45155
[2026-05-30 19:34:10] [WATCHDOG] ✅ 重启成功
[2026-05-31 01:43:08] [WATCHDOG] ==================================================
[2026-05-31 01:43:08] [WATCHDOG] 看门狗启动
[2026-05-31 01:43:08] [WATCHDOG] ==================================================
[2026-05-31 01:43:08] [WATCHDOG] ⚠️ 交易引擎未运行! 第1次重启
[2026-05-31 01:43:08] [WATCHDOG] 🚀 启动交易引擎...
[2026-05-31 01:43:08] [WATCHDOG] ✅ 交易引擎已启动 PID=49298
[2026-05-31 01:43:13] [WATCHDOG] ✅ 重启成功
[2026-05-31 01:44:11] [WATCHDOG] ==================================================
[2026-05-31 01:44:11] [WATCHDOG] 看门狗启动
[2026-05-31 01:44:11] [WATCHDOG] ==================================================
[2026-05-31 01:44:11] [WATCHDOG] ⚠️ 交易引擎未运行! 第1次重启
[2026-05-31 01:44:11] [WATCHDOG] 🚀 启动交易引擎...
[2026-05-31 01:44:11] [WATCHDOG] ✅ 交易引擎已启动 PID=49490
[2026-05-31 01:44:16] [WATCHDOG] ✅ 重启成功
[2026-05-31 02:38:45] [WATCHDOG] ==================================================
[2026-05-31 02:38:45] [WATCHDOG] 看门狗启动
[2026-05-31 02:38:45] [WATCHDOG] ==================================================
[2026-05-31 02:38:45] [WATCHDOG] ⚠️ 交易引擎未运行! 第1次重启
[2026-05-31 02:38:45] [WATCHDOG] 🚀 启动交易引擎...
[2026-05-31 02:38:45] [WATCHDOG] ✅ 交易引擎已启动 PID=60650
[2026-05-31 02:38:50] [WATCHDOG] ✅ 重启成功
[2026-05-31 03:07:05] [WATCHDOG] ==================================================
[2026-05-31 03:07:05] [WATCHDOG] 看门狗启动
[2026-05-31 03:07:05] [WATCHDOG] ==================================================
[2026-05-31 03:07:05] [WATCHDOG] ⚠️ 交易引擎未运行! 第1次重启
[2026-05-31 03:07:05] [WATCHDOG] 🚀 启动交易引擎...
[2026-05-31 03:07:05] [WATCHDOG] ✅ 交易引擎已启动 PID=72555
[2026-05-31 03:07:10] [WATCHDOG] ✅ 重启成功
[2026-05-31 10:57:05] [WATCHDOG] ==================================================
[2026-05-31 10:57:05] [WATCHDOG] 看门狗启动
[2026-05-31 10:57:05] [WATCHDOG] ==================================================
[2026-05-31 10:57:05] [WATCHDOG] ⚠️ 交易引擎未运行! 第1次重启
[2026-05-31 10:57:05] [WATCHDOG] 🚀 启动交易引擎...
[2026-05-31 10:57:05] [WATCHDOG] ✅ 交易引擎已启动 PID=30406
[2026-05-31 10:57:10] [WATCHDOG] ✅ 重启成功
[2026-05-31 23:07:59] [WATCHDOG] ==================================================
[2026-05-31 23:07:59] [WATCHDOG] 看门狗启动
[2026-05-31 23:07:59] [WATCHDOG] ==================================================
[2026-05-31 23:07:59] [WATCHDOG] ⚠️ 交易引擎未运行! 第1次重启
[2026-05-31 23:07:59] [WATCHDOG] 🚀 启动交易引擎...
[2026-05-31 23:07:59] [WATCHDOG] ✅ 交易引擎已启动 PID=33624
[2026-05-31 23:08:04] [WATCHDOG] ✅ 重启成功
[2026-06-01 02:04:05] [WATCHDOG] ==================================================
[2026-06-01 02:04:05] [WATCHDOG] 看门狗启动
[2026-06-01 02:04:05] [WATCHDOG] ==================================================
[2026-06-01 02:04:05] [WATCHDOG] ⚠️ 交易引擎未运行! 第1次重启
[2026-06-01 02:04:05] [WATCHDOG] 🚀 启动交易引擎...
[2026-06-01 02:04:05] [WATCHDOG] ✅ 交易引擎已启动 PID=75480
[2026-06-01 02:04:10] [WATCHDOG] ✅ 重启成功
[2026-06-01 03:39:48] [WATCHDOG] ==================================================
[2026-06-01 03:39:48] [WATCHDOG] 看门狗启动
[2026-06-01 03:39:48] [WATCHDOG] ==================================================
[2026-06-01 03:39:48] [WATCHDOG] ⚠️ 交易引擎未运行! 第1次重启
[2026-06-01 03:39:48] [WATCHDOG] 🚀 启动交易引擎...
[2026-06-01 03:39:48] [WATCHDOG] ✅ 交易引擎已启动 PID=78416
[2026-06-01 03:39:53] [WATCHDOG] ✅ 重启成功
[2026-06-01 04:28:34] [WATCHDOG] ==================================================
[2026-06-01 04:28:34] [WATCHDOG] 看门狗启动
[2026-06-01 04:28:34] [WATCHDOG] ==================================================
[2026-06-01 04:28:34] [WATCHDOG] ⚠️ 交易引擎未运行! 第1次重启
[2026-06-01 04:28:34] [WATCHDOG] 🚀 启动交易引擎...
[2026-06-01 04:28:34] [WATCHDOG] ✅ 交易引擎已启动 PID=38507
[2026-06-01 04:28:39] [WATCHDOG] ✅ 重启成功
